<?xml version="1.0" encoding="UTF-8"?>
<!-- Generated by org.testng.reporters.JUnitReportReporter -->
<testsuite skipped="0" hostname="DESKTOP-5J46QLU" name="sampleTestCase.RealDeviceTest1" tests="1" failures="0" timestamp="29 Apr 2020 15:09:25 GMT" time="23.805" errors="0">
  <testcase name="executeTest" time="23.805" classname="sampleTestCase.RealDeviceTest1"/>
</testsuite> <!-- sampleTestCase.RealDeviceTest1 -->
