<?xml version="1.0" encoding="UTF-8"?>
<!-- Generated by org.testng.reporters.JUnitReportReporter -->
<testsuite skipped="0" hostname="DESKTOP-5J46QLU" name="hybridTestCases.Hybrid_Example_2" tests="1" failures="0" timestamp="30 Apr 2020 09:17:29 GMT" time="20.475" errors="0">
  <testcase name="executeTest" time="20.475" classname="hybridTestCases.Hybrid_Example_2"/>
</testsuite> <!-- hybridTestCases.Hybrid_Example_2 -->
