<?xml version="1.0" encoding="UTF-8"?>
<!-- Generated by org.testng.reporters.JUnitReportReporter -->
<testsuite skipped="0" hostname="DESKTOP-5J46QLU" name="SampleTesCase.GesturePressAndHold" tests="1" failures="0" timestamp="28 Apr 2020 16:51:12 GMT" time="52.654" errors="0">
  <testcase name="executeTest" time="52.654" classname="SampleTesCase.GesturePressAndHold"/>
</testsuite> <!-- SampleTesCase.GesturePressAndHold -->
