<?xml version="1.0" encoding="UTF-8"?>
<!-- Generated by org.testng.reporters.JUnitReportReporter -->
<testsuite skipped="0" hostname="DESKTOP-5J46QLU" name="SampleTesCase.FirstMobileScript" tests="1" failures="0" timestamp="24 Apr 2020 11:03:00 GMT" time="59.626" errors="0">
  <testcase name="executeTest" time="59.626" classname="SampleTesCase.FirstMobileScript"/>
</testsuite> <!-- SampleTesCase.FirstMobileScript -->
