<?xml version="1.0" encoding="UTF-8"?>
<!-- Generated by org.testng.reporters.JUnitReportReporter -->
<testsuite skipped="0" hostname="DESKTOP-5J46QLU" name="hybridTestCases.Hybrid_Sample_4" tests="1" failures="0" timestamp="30 Apr 2020 15:58:09 GMT" time="30.323" errors="0">
  <testcase name="executeTest" time="30.323" classname="hybridTestCases.Hybrid_Sample_4"/>
</testsuite> <!-- hybridTestCases.Hybrid_Sample_4 -->
