<?xml version="1.0" encoding="UTF-8"?>
<!-- Generated by org.testng.reporters.JUnitReportReporter -->
<testsuite skipped="0" hostname="DESKTOP-5J46QLU" name="hybridTestCases.Hybrid_Sample_1" tests="1" failures="0" timestamp="30 Apr 2020 08:55:36 GMT" time="26.369" errors="0">
  <testcase name="executeTest" time="26.369" classname="hybridTestCases.Hybrid_Sample_1"/>
</testsuite> <!-- hybridTestCases.Hybrid_Sample_1 -->
