<?xml version="1.0" encoding="UTF-8"?>
<!-- Generated by org.testng.reporters.JUnitReportReporter -->
<testsuite skipped="0" hostname="DESKTOP-5J46QLU" name="sampleTestCase.ScrollExample" tests="1" failures="0" timestamp="29 Apr 2020 07:42:37 GMT" time="34.557" errors="0">
  <testcase name="executeTest" time="34.557" classname="sampleTestCase.ScrollExample"/>
</testsuite> <!-- sampleTestCase.ScrollExample -->
