<?xml version="1.0" encoding="UTF-8"?>
<!-- Generated by org.testng.reporters.JUnitReportReporter -->
<testsuite skipped="0" hostname="DESKTOP-5J46QLU" name="SampleTesCase.SwipeGestureExample" tests="1" failures="0" timestamp="28 Apr 2020 19:25:24 GMT" time="32.873" errors="0">
  <testcase name="executeTest" time="32.873" classname="SampleTesCase.SwipeGestureExample"/>
</testsuite> <!-- SampleTesCase.SwipeGestureExample -->
