<?xml version="1.0" encoding="UTF-8"?>
<!-- Generated by org.testng.reporters.JUnitReportReporter -->
<testsuite skipped="0" hostname="DESKTOP-5J46QLU" name="sampleTestCase.MobileBrowserInitializeTest" tests="1" failures="0" timestamp="29 Apr 2020 19:37:03 GMT" time="18.575" errors="0">
  <testcase name="executeTest" time="18.575" classname="sampleTestCase.MobileBrowserInitializeTest"/>
</testsuite> <!-- sampleTestCase.MobileBrowserInitializeTest -->
